<string>:8: SyntaxWarning: invalid escape sequence '\#'
<string>:11: SyntaxWarning: invalid escape sequence '\#'
<string>:14: SyntaxWarning: invalid escape sequence '\#'
[\#] amass enum -d apple.com
discovery,subdomain,www.{d}
discovery,subdomain,app.{d}
discovery,subdomain,api.{d}
discovery,subdomain,cdn.{d}
discovery,subdomain,portal.{d}
discovery,subdomain,sso.{d}
discovery,subdomain,assets.{d}
discovery,subdomain,files.{d}
discovery,subdomain,status.{d}
---
[\#] dnsx -d apple.com
discovery,dns,www.{d},A,{random.choice(ips)}
discovery,dns,app.{d},A,{random.choice(ips)}
discovery,dns,api.{d},A,{random.choice(ips)}
discovery,dns,cdn.{d},A,{random.choice(ips)}
discovery,dns,portal.{d},A,{random.choice(ips)}
discovery,dns,sso.{d},A,{random.choice(ips)}
discovery,dns,assets.{d},A,{random.choice(ips)}
discovery,dns,files.{d},A,{random.choice(ips)}
discovery,dns,status.{d},A,{random.choice(ips)}
---
[\#] httpx -u https://apple.com
discovery,tech,www.{d},{random.choice(tech)}
discovery,tech,app.{d},{random.choice(tech)}
discovery,tech,api.{d},{random.choice(tech)}
discovery,tech,cdn.{d},{random.choice(tech)}
discovery,tech,portal.{d},{random.choice(tech)}
discovery,tech,sso.{d},{random.choice(tech)}
==PASSIVE_DONE==
